TN:
SF:src/pages/sessionAuditUtils.ts
FN:14,toDatetimeLocal
FN:19,getNextSortOrder
FN:24,buildActiveFilterChips
FNF:3
FNH:3
FNDA:1,toDatetimeLocal
FNDA:4,getNextSortOrder
FNDA:1,buildActiveFilterChips
DA:14,1
DA:15,1
DA:16,1
DA:17,1
DA:19,1
DA:20,4
DA:21,4
DA:22,4
DA:24,1
DA:25,1
DA:26,1
DA:27,1
DA:28,1
DA:29,1
DA:30,1
DA:31,1
DA:32,1
DA:33,1
DA:34,1
DA:35,1
LF:20
LH:20
BRDA:14,0,0,1
BRDA:19,1,0,4
BRDA:20,2,0,2
BRDA:20,3,0,1
BRDA:20,4,0,1
BRDA:21,5,0,1
BRDA:21,6,0,1
BRDA:24,7,0,1
BRDA:26,8,0,0
BRDA:27,9,0,0
BRDA:28,10,0,0
BRDA:29,11,0,0
BRDA:30,12,0,0
BRDA:31,13,0,0
BRDA:32,14,0,0
BRDA:33,15,0,0
BRF:16
BRH:8
end_of_record
